\BOOKMARK [2][-]{subsection.0.1}{\376\377\000m\000a\036\105\000g\000a\000l\001\001\000c\000a\000r\000a\036\107\000a}{}% 1
\BOOKMARK [2][-]{subsection.0.2}{\376\377\000p\000r\000a\000y\000o\000j\000a\000n\001\001\000d\000i}{}% 2
\BOOKMARK [2][-]{subsection.0.3}{\376\377\000t\001\053\000r\000t\000h\000i\000k\001\001\000n\001\001\036\103\000\040\000t\000a\000t\000t\000v\000a\036\103\000\040\000s\001\001\000d\000h\000y\000a\036\103\000\040\000c\000a}{}% 3
\BOOKMARK [2][-]{subsection.0.4}{\376\377\000v\000e\000d\001\001\000n\000t\000a\000v\001\001\000d\000i\000n\001\001\036\103\000\040\001\133\000r\001\001\000v\000a\000k\000a\000p\000r\000a\000t\000y\000e\000k\000a\000b\000u\000d\000d\000h\001\001\000n\001\001\036\103\000\040\000c\000a\000\040\000s\001\001\000d\000h\000y\001\001\000n\000i}{}% 4
\BOOKMARK [2][-]{subsection.0.5}{\376\377\000p\001\001\000r\000a\000m\000i\000t\001\001\000n\000a\000y\000a\000v\001\001\000d\000i\000n\001\001\036\103\000\040\000c\000a\000t\000u\000r\000v\000i\000d\000h\000a\036\103\000\040\000s\001\001\000d\000h\000y\000a\000m}{}% 5
\BOOKMARK [3][-]{subsubsection.0.5.1}{\376\377\000p\001\001\000r\000a\000m\000i\000t\001\001\000n\000a\000y\000e\000\040\000p\000r\000a\000t\000h\000a\036\103\000\040\000s\001\001\000d\000h\000y\000a\000m}{subsection.0.5}% 6
\BOOKMARK [3][-]{subsubsection.0.5.2}{\376\377\000p\001\001\000r\000a\000m\000i\000t\001\001\000n\000a\000y\000e\000\040\000d\000v\000i\000t\001\053\000y\000a\036\103\000\040\000s\001\001\000d\000h\000y\000a\000m}{subsection.0.5}% 7
\BOOKMARK [3][-]{subsubsection.0.5.3}{\376\377\000p\001\001\000r\000a\000m\000i\000t\001\001\000n\000a\000y\000e\000\040\000t\036\133\000t\001\053\000y\000a\036\103\000\040\000s\001\001\000d\000h\000y\000a\000m}{subsection.0.5}% 8
\BOOKMARK [3][-]{subsubsection.0.5.4}{\376\377\000p\001\001\000r\000a\000m\000i\000t\001\001\000n\000a\000y\000e\000\040\000c\000a\000t\000u\000r\000t\000h\000a\036\103\000\040\000s\001\001\000d\000h\000y\000a\000m}{subsection.0.5}% 9
\BOOKMARK [2][-]{subsection.0.6}{\376\377\000m\000a\000n\000t\000r\000a\000n\000a\000y\000e\000\040\000s\000a\000p\000t\000a\000v\000i\000d\000h\000a\036\103\000\040\000s\001\001\000d\000h\000y\000a\000m}{}% 10
\BOOKMARK [3][-]{subsubsection.0.6.1}{\376\377\000m\000a\000n\000t\000r\000a\000n\000a\000y\000e\000\040\000p\000r\000a\000t\000h\000a\000m\000a\036\103\000\040\000s\001\001\000d\000h\000y\000a\000m}{subsection.0.6}% 11
\BOOKMARK [3][-]{subsubsection.0.6.2}{\376\377\000m\000a\000n\000t\000r\000a\000n\000a\000y\000e\000\040\000d\000v\000i\000t\001\053\000y\000a\036\103\000\040\000s\001\001\000d\000h\000y\000a\000m}{subsection.0.6}% 12
\BOOKMARK [3][-]{subsubsection.0.6.3}{\376\377\000m\000a\000n\000t\000r\000a\000n\000a\000y\000e\000\040\000t\036\133\000t\001\053\000y\000a\036\103\000\040\000s\001\001\000d\000h\000y\000a\000m}{subsection.0.6}% 13
\BOOKMARK [3][-]{subsubsection.0.6.4}{\376\377\000m\000a\000n\000t\000r\000a\000n\000a\000y\000e\000\040\000c\000a\000t\000u\000r\000t\000h\000a\036\103\000\040\000s\001\001\000d\000h\000y\000a\000m}{subsection.0.6}% 14
\BOOKMARK [3][-]{subsubsection.0.6.5}{\376\377\000m\000a\000n\000t\000r\000a\000n\000a\000y\000e\000\040\000p\000a\000\361\000c\000a\000m\000a\036\103\000\040\000s\001\001\000d\000h\000y\000a\000m}{subsection.0.6}% 15
\BOOKMARK [3][-]{subsubsection.0.6.6}{\376\377\000m\000a\000n\000t\000r\000a\000n\000a\000y\000e\000\040\036\143\000a\036\143\036\155\000h\000a\000m\000a\036\103\000\040\000s\001\001\000d\000h\000y\000a\000m}{subsection.0.6}% 16
\BOOKMARK [3][-]{subsubsection.0.6.7}{\376\377\000m\000a\000n\000t\000r\000a\000n\000a\000y\000e\000\040\000s\000a\000p\000t\000a\000m\000a\036\103\000\040\000s\001\001\000d\000h\000y\000a\000m}{subsection.0.6}% 17
\BOOKMARK [2][-]{subsection.0.7}{\376\377\000c\000a\000t\000u\000r\000t\000h\000e\000\040\000'\000b\000h\000i\036\143\000e\000k\000a\000s\000e\000\040\000v\000i\000p\000r\000a\000t\000i\000p\000a\000t\000t\000i\036\045}{}% 18
\BOOKMARK [3][-]{subsubsection.0.7.1}{\376\377\000c\000a\000t\000u\000r\000t\000h\000a\000s\000e\000k\000e\000\040\000v\000i\000p\000r\000a\000t\000i\000p\000a\000t\000t\000i\036\045\000\040\000p\000r\000a\000t\000h\000a\000m\001\001}{subsection.0.7}% 19
\BOOKMARK [3][-]{subsubsection.0.7.2}{\376\377\000c\000a\000t\000u\000r\000t\000h\000a\000s\000e\000k\000e\000\040\000v\000i\000p\000r\000a\000t\000i\000p\000a\000t\000t\000i\000r\000\040\000d\000v\000i\000t\001\053\000y\001\001}{subsection.0.7}% 20
\BOOKMARK [3][-]{subsubsection.0.7.3}{\376\377\001\001\000g\000a\000m\000a\000s\000y\000a\000\040\000a\000r\000t\000h\000a\000v\000y\001\001\000k\000h\000y\001\001\000n\000a\000m}{subsection.0.7}% 21
\BOOKMARK [3][-]{subsubsection.0.7.4}{\376\377\000c\000a\000r\000u\000t\000h\000a\000s\000e\000k\000e\000\040\000v\000i\000p\000r\000a\000t\000i\000p\000a\000t\000t\000i\000s\000\040\000t\036\133\000t\001\053\000y\001\001}{subsection.0.7}% 22
\BOOKMARK [3][-]{subsubsection.0.7.5}{\376\377\000l\000a\000k\036\143\000y\000a\000s\000y\000a\000\040\000v\000i\000c\001\001\000r\000a\036\107\000a\000m}{subsection.0.7}% 23
\BOOKMARK [0][-]{subsubsubsection.0.7.5.1}{\376\377\000s\001\001\000k\001\001\000r\000a\000s\000y\000a\000\040\000v\000i\000j\000\361\001\001\000n\000a\000s\000y\000a\000\040\000n\000i\000r\001\001\000k\000a\000r\000a\036\107\000a\000m}{}% 24
\BOOKMARK [0][-]{subsubsubsection.0.7.5.2}{\376\377\000n\000i\000r\001\001\000k\001\001\000r\000a\000s\000y\000a\000\040\000v\000i\000j\000\361\001\001\000n\000a\000s\000y\000a\000\040\000s\000a\000m\000a\000r\000t\000h\000a\000n\000a\000m}{}% 25
\BOOKMARK [0][-]{subsubsubsection.0.7.5.3}{\376\377\000E\000s\000t\000a\000b\000l\000i\000s\000h\000i\000n\000g\000\040\000t\000h\000e\000\040\000M\000a\000d\000h\000y\000a\000m\000a\000k\000a\000\040\000p\000o\000s\000i\000t\000i\000o\000n}{}% 26
\BOOKMARK [1][-]{subsection.0.8}{\376\377\000s\000a\000p\000t\000a\000v\000i\000d\000h\000e\036\143\000u\000\040\000s\001\001\000d\000h\000y\000e\036\143\000u\000\040\000s\001\001\000r\001\001\000s\001\001\000r\000a\000v\000i\000c\001\001\000r\000a\036\107\000a\000m}{subsubsubsection.0.7.5.3}% 27
\BOOKMARK [2][-]{subsubsection.0.8.1}{\376\377\000p\000r\000a\000t\000h\000a\000m\000a\000s\000y\001\001\000s\001\001\000r\000a\000t\000v\000a\000m}{subsection.0.8}% 28
\BOOKMARK [3][-]{subsubsection.0.8.2}{\376\377\000d\000v\000i\000t\001\053\000y\000a\000s\000y\000a\000\040\000a\000s\001\001\000r\000a\000t\000v\000a\000m}{subsubsection.0.8.1}% 29
\BOOKMARK [3][-]{subsubsection.0.8.3}{\376\377\000t\036\133\000t\001\053\000y\000a\000s\000y\000a\000\040\000a\000s\001\001\000r\000a\000t\000v\000a\000m}{subsubsection.0.8.1}% 30
\BOOKMARK [3][-]{subsubsection.0.8.4}{\376\377\000c\000a\000t\000u\000r\000t\000h\000a\000s\000y\000a\000\040\000s\001\001\000r\001\001\000s\001\001\000r\000a\000t\000v\000a\000v\000i\000c\001\001\000r\000a\036\107\000a\000m}{subsubsection.0.8.1}% 31
\BOOKMARK [3][-]{subsubsection.0.8.5}{\376\377\000p\000a\000\361\000c\000a\000m\000a\000s\000y\000a\000\040\000a\000s\001\001\000r\000a\000t\000v\000a\000m}{subsubsection.0.8.1}% 32
\BOOKMARK [3][-]{subsubsection.0.8.6}{\376\377\036\143\000a\036\143\036\155\000h\000a\000m\000a\000s\000y\000a\000\040\000a\000s\001\001\000r\000a\000t\000v\000a\000m}{subsubsection.0.8.1}% 33
\BOOKMARK [3][-]{subsubsection.0.8.7}{\376\377\000s\000a\000p\000t\000a\000m\000a\000s\000y\000a\000\040\000a\000s\001\001\000r\000a\000t\000v\000a\000m}{subsubsection.0.8.1}% 34
\BOOKMARK [2][-]{subsection.0.9}{\376\377\000c\000a\000t\000u\000r\000t\000h\000a\000s\000y\000a\000\040\000s\000e\000k\000a\000s\000y\000a\000\040\000s\000v\000a\000r\001\153\000p\000a\000m}{subsection.0.8}% 35
\BOOKMARK [2][-]{subsection.0.10}{\376\377\000a\000p\000a\000r\000a\036\103\000\040\000m\000i\000t\000h\000y\001\001\000s\001\001\000d\000h\000y\000a\036\103\000\040\000m\000i\000t\000h\000y\001\001\000t\000a\000t\000t\000v\000a\036\103\000\040\000c\000a}{subsection.0.8}% 36
\BOOKMARK [2][-]{subsection.0.11}{\376\377\000u\000p\000a\000s\000a\036\103\000h\001\001\000r\000a}{subsection.0.8}% 37
\BOOKMARK [2][-]{subsection.0.12}{\376\377\000p\000a\000r\000i\036\107\001\001\000m\000a\000n\001\001}{subsection.0.8}% 38
\BOOKMARK [1][-]{section.1}{\376\377\000R\000e\000f\000e\000r\000e\000n\000c\000e\000s}{subsubsubsection.0.7.5.3}% 39
